Flutter crash report.
Please report a bug at https://github.com/flutter/flutter/issues.

## command

flutter run --machine --start-paused -d emulator-5554 --devtools-server-address http://127.0.0.1:9100/ --target /Users/efraim/Desktop/Projects/android/lottonet/lib/main.dart

## exception

ProcessPackageException: ProcessException: Failed to find "/Users/efraim/Desktop/Projects/flutter/flutter/bin/cache/dart-sdk/bin/dartaotruntime" in the search path.
  Command: /Users/efraim/Desktop/Projects/flutter/flutter/bin/cache/dart-sdk/bin/dartaotruntime 

```
#0      LocalProcessManager.start (package:process/src/interface/local_process_manager.dart:56:7)
#1      ErrorHandlingProcessManager.start.<anonymous closure> (package:flutter_tools/src/base/error_handling_io.dart:699:24)
#2      _run (package:flutter_tools/src/base/error_handling_io.dart:569:20)
#3      ErrorHandlingProcessManager.start (package:flutter_tools/src/base/error_handling_io.dart:698:12)
#4      DefaultResidentCompiler._compile (package:flutter_tools/src/compile.dart:875:37)
#5      DefaultResidentCompiler._recompile (package:flutter_tools/src/compile.dart:735:14)
#6      _RecompileRequest._run (package:flutter_tools/src/compile.dart:421:16)
#7      _CompilationRequest.run (package:flutter_tools/src/compile.dart:395:30)
#8      DefaultResidentCompiler._handleCompilationRequest (package:flutter_tools/src/compile.dart:781:23)
#9      _rootRunUnary (dart:async/zone.dart:1407:47)
#10     _CustomZone.runUnary (dart:async/zone.dart:1308:19)
#11     _CustomZone.runUnaryGuarded (dart:async/zone.dart:1217:7)
#12     _BufferingStreamSubscription._sendData (dart:async/stream_impl.dart:365:11)
#13     _DelayedData.perform (dart:async/stream_impl.dart:541:14)
#14     _PendingEvents.handleNext (dart:async/stream_impl.dart:646:11)
#15     _PendingEvents.schedule.<anonymous closure> (dart:async/stream_impl.dart:617:7)
#16     _rootRun (dart:async/zone.dart:1391:47)
#17     _CustomZone.run (dart:async/zone.dart:1301:19)
#18     _CustomZone.runGuarded (dart:async/zone.dart:1209:7)
#19     _CustomZone.bindCallbackGuarded.<anonymous closure> (dart:async/zone.dart:1249:23)
#20     _rootRun (dart:async/zone.dart:1399:13)
#21     _CustomZone.run (dart:async/zone.dart:1301:19)
#22     _CustomZone.runGuarded (dart:async/zone.dart:1209:7)
#23     _CustomZone.bindCallbackGuarded.<anonymous closure> (dart:async/zone.dart:1249:23)
#24     _microtaskLoop (dart:async/schedule_microtask.dart:40:21)
#25     _startMicrotaskLoop (dart:async/schedule_microtask.dart:49:5)
#26     _runPendingImmediateCallback (dart:isolate-patch/isolate_patch.dart:118:13)
#27     _RawReceivePort._handleMessage (dart:isolate-patch/isolate_patch.dart:185:5)
```

## flutter doctor

```
[!] Flutter (Channel stable, 3.24.3, on macOS 15.1 24B2082 darwin-arm64, locale en-PH)
    • Flutter version 3.24.3 on channel stable at /Users/efraim/Desktop/Projects/flutter/flutter
    ! The flutter binary is not on your path. Consider adding /Users/efraim/Desktop/Projects/flutter/flutter/bin to your path.
    ! The dart binary is not on your path. Consider adding /Users/efraim/Desktop/Projects/flutter/flutter/bin to your path.
    • Upstream repository https://github.com/flutter/flutter.git
    • Framework revision 2663184aa7 (5 months ago), 2024-09-11 16:27:48 -0500
    • Engine revision 36335019a8
    • Dart version 3.5.3
    • DevTools version 2.37.3
    ✗ Downloaded executables cannot execute on host.
      See https://github.com/flutter/flutter/issues/6207 for more information.
      Flutter requires the Rosetta translation environment on ARM Macs. Try running:
        sudo softwareupdate --install-rosetta --agree-to-license

    • If those were intentional, you can disregard the above warnings; however it is recommended to use "git" directly to perform update checks and upgrades.

[!] Android toolchain - develop for Android devices (Android SDK version 35.0.1)
    • Android SDK at /Users/efraim/Library/Android/sdk
    ✗ cmdline-tools component is missing
      Run `path/to/sdkmanager --install "cmdline-tools;latest"`
      See https://developer.android.com/studio/command-line for more details.
    ✗ Android license status unknown.
      Run `flutter doctor --android-licenses` to accept the SDK licenses.
      See https://flutter.dev/to/macos-android-setup for more details.

[✗] Xcode - develop for iOS and macOS
    ✗ Xcode installation is incomplete; a full installation is necessary for iOS and macOS development.
      Download at: https://developer.apple.com/xcode/
      Or install Xcode via the App Store.
      Once installed, run:
        sudo xcode-select --switch /Applications/Xcode.app/Contents/Developer
        sudo xcodebuild -runFirstLaunch
    ✗ CocoaPods not installed.
        CocoaPods is a package manager for iOS or macOS platform code.
        Without CocoaPods, plugins will not work on iOS or macOS.
        For more info, see https://flutter.dev/to/platform-plugins
      For installation instructions, see https://guides.cocoapods.org/using/getting-started.html#installation

[✗] Chrome - develop for the web (Cannot find Chrome executable at /Applications/Google Chrome.app/Contents/MacOS/Google Chrome)
    ! Cannot find Chrome. Try setting CHROME_EXECUTABLE to a Chrome executable.

[✓] Android Studio (version 2024.2)
    • Android Studio at /Applications/Android Studio.app/Contents
    • Flutter plugin can be installed from:
      🔨 https://plugins.jetbrains.com/plugin/9212-flutter
    • Dart plugin can be installed from:
      🔨 https://plugins.jetbrains.com/plugin/6351-dart
    • Java version OpenJDK Runtime Environment (build 21.0.4+-12422083-b607.1)

[✓] VS Code (version 1.96.4)
    • VS Code at /Applications/Visual Studio Code.app/Contents
    • Flutter extension version 3.102.0

[✓] Connected device (2 available)
    • sdk gphone64 arm64 (mobile) • emulator-5554 • android-arm64 • Android 15 (API 35) (emulator)
    • macOS (desktop)             • macos         • darwin-arm64  • macOS 15.1 24B2082 darwin-arm64

[✓] Network resources
    • All expected network resources are available.

! Doctor found issues in 4 categories.
```
